<?xml version="1.0" encoding="UTF-8"?>
<testng-results skipped="0" failed="0" ignored="0" total="1" passed="1">
  <reporter-output>
    <line>
      <![CDATA[CreateCustomer]]>
    </line>
  </reporter-output>
  <suite name="Suite" duration-ms="74" started-at="2020-09-11T16:47:08Z" finished-at="2020-09-11T16:47:08Z">
    <groups>
    </groups>
    <test name="Test" duration-ms="74" started-at="2020-09-11T16:47:08Z" finished-at="2020-09-11T16:47:08Z">
      <class name="com.actitime.test.CreateCustomer">
        <test-method status="PASS" signature="testCreateCustomer()[pri:0, instance:com.actitime.test.CreateCustomer@51efea79]" name="testCreateCustomer" duration-ms="13" started-at="2020-09-11T16:47:08Z" finished-at="2020-09-11T16:47:08Z">
          <reporter-output>
            <line>
              <![CDATA[CreateCustomer]]>
            </line>
          </reporter-output>
        </test-method> <!-- testCreateCustomer -->
      </class> <!-- com.actitime.test.CreateCustomer -->
    </test> <!-- Test -->
  </suite> <!-- Suite -->
</testng-results>
